<?xml version="1.0" encoding="UTF-8"?>
<!-- Generated by org.testng.reporters.JUnitReportReporter -->
<testsuite name="testUnit.testUnitExcelFunc" tests="2" time="22.014" ignored="4" failures="0" timestamp="08 Mar 2018 05:00:31 GMT" skipped="0" hostname="PC113" errors="0">
  <testcase name="TestProperty1" time="11.006" classname="testUnit.testUnitExcelFunc"/>
  <testcase name="TestProperty2" time="11.008" classname="testUnit.testUnitExcelFunc"/>
  <testcase name="testGetDataInExcel" classname="testUnit.testUnitExcelFunc">
    <skipped/>
  </testcase> <!-- testGetDataInExcel -->
  <testcase name="testVerificationHelper" classname="testUnit.testUnitExcelFunc">
    <skipped/>
  </testcase> <!-- testVerificationHelper -->
  <testcase name="testStartFail" classname="testUnit.testUnitExcelFunc">
    <skipped/>
  </testcase> <!-- testStartFail -->
  <testcase name="testDropDown" classname="testUnit.testUnitExcelFunc">
    <skipped/>
  </testcase> <!-- testDropDown -->
</testsuite> <!-- testUnit.testUnitExcelFunc -->
